2026-02-06 17:03:16 - training - INFO - Training device: mps
2026-02-06 17:03:16 - training - INFO - Dataset split - Train: 75, Val: 10, Test: 0
2026-02-06 17:03:16 - training - INFO - Model: LocationRegressor - Total parameters: 402,818, Trainable parameters: 402,818
2026-02-06 17:03:16 - enhanced_training - INFO - Starting training for 10 epochs on mps
2026-02-06 17:07:51 - training - INFO - Epoch 1 completed - Train Loss: 0.143844, Val Loss: 0.043614, Duration: 275.26s
2026-02-06 17:07:51 - enhanced_training - INFO - Checkpoint saved to models/best_model.pth
2026-02-06 17:07:51 - enhanced_training - INFO - Epoch 1/10: Train Loss: 0.143844, Val Loss: 0.043614
2026-02-06 17:12:20 - training - INFO - Epoch 2 completed - Train Loss: 0.043727, Val Loss: 0.035169, Duration: 268.44s
2026-02-06 17:12:20 - enhanced_training - INFO - Checkpoint saved to models/best_model.pth
2026-02-06 17:12:20 - enhanced_training - INFO - Epoch 2/10: Train Loss: 0.043727, Val Loss: 0.035169
2026-02-06 17:16:47 - training - INFO - Epoch 3 completed - Train Loss: 0.038623, Val Loss: 0.029179, Duration: 267.24s
2026-02-06 17:16:47 - enhanced_training - INFO - Checkpoint saved to models/best_model.pth
2026-02-06 17:16:47 - enhanced_training - INFO - Epoch 3/10: Train Loss: 0.038623, Val Loss: 0.029179
2026-02-06 17:21:14 - training - INFO - Epoch 4 completed - Train Loss: 0.037009, Val Loss: 0.027455, Duration: 267.21s
2026-02-06 17:21:14 - enhanced_training - INFO - Checkpoint saved to models/best_model.pth
2026-02-06 17:21:14 - enhanced_training - INFO - Epoch 4/10: Train Loss: 0.037009, Val Loss: 0.027455
2026-02-06 17:25:40 - training - INFO - Epoch 5 completed - Train Loss: 0.030663, Val Loss: 0.021818, Duration: 266.17s
2026-02-06 17:25:40 - enhanced_training - INFO - Checkpoint saved to models/best_model.pth
2026-02-06 17:25:40 - enhanced_training - INFO - Epoch 5/10: Train Loss: 0.030663, Val Loss: 0.021818
2026-02-06 17:30:10 - training - INFO - Epoch 6 completed - Train Loss: 0.043521, Val Loss: 0.038229, Duration: 269.36s
2026-02-06 17:30:10 - enhanced_training - INFO - Epoch 6/10: Train Loss: 0.043521, Val Loss: 0.038229
2026-02-06 17:34:38 - training - INFO - Epoch 7 completed - Train Loss: 0.046944, Val Loss: 0.035897, Duration: 268.37s
2026-02-06 17:34:38 - enhanced_training - INFO - Epoch 7/10: Train Loss: 0.046944, Val Loss: 0.035897
2026-02-06 17:39:07 - training - INFO - Epoch 8 completed - Train Loss: 0.038652, Val Loss: 0.023493, Duration: 268.94s
2026-02-06 17:39:07 - enhanced_training - INFO - Epoch 8/10: Train Loss: 0.038652, Val Loss: 0.023493
2026-02-06 17:43:35 - training - INFO - Epoch 9 completed - Train Loss: 0.027941, Val Loss: 0.025297, Duration: 267.54s
2026-02-06 17:43:35 - enhanced_training - INFO - Epoch 9/10: Train Loss: 0.027941, Val Loss: 0.025297
2026-02-06 17:48:09 - training - INFO - Epoch 10 completed - Train Loss: 0.023183, Val Loss: 0.016722, Duration: 273.98s
2026-02-06 17:48:09 - enhanced_training - INFO - Checkpoint saved to models/best_model.pth
2026-02-06 17:48:09 - enhanced_training - INFO - Epoch 10/10: Train Loss: 0.023183, Val Loss: 0.016722
2026-02-06 17:48:09 - enhanced_training - INFO - Checkpoint saved to models/final_model.pth
2026-02-06 17:48:09 - __main__ - INFO - Training complete! Best validation loss: 0.016722
